<?xml version="1.0" encoding="UTF-8"?>
<!-- Generated by org.testng.reporters.JUnitXMLReporter -->
<testsuite ignored="0" hostname="LAPTOP-4TMQ0CSN" failures="0" tests="4" name="Default test" time="196.156" errors="0" timestamp="2022-10-01T19:47:54 IST">
  <testcase classname="com.simplilearn.demo.Automation" name="addtocart" time="48.146"/>
  <testcase classname="com.simplilearn.demo.Automation" name="login" time="37.45"/>
  <testcase classname="com.simplilearn.demo.Automation" name="register" time="31.546"/>
  <testcase classname="com.simplilearn.demo.Automation" name="search" time="64.864"/>
</testsuite> <!-- Default test -->
