<?xml version="1.0" encoding="UTF-8"?>
<!-- Generated by org.testng.reporters.JUnitXMLReporter -->
<testsuite ignored="0" hostname="LAPTOP-4TMQ0CSN" failures="0" tests="7" name="Default test" time="80.094" errors="0" timestamp="2022-10-13T21:58:21 IST">
  <testcase classname="com.MyAppApplicationTestscode" name="testing" time="2.194"/>
  <testcase classname="com.MyAppApplicationTestscode" name="signup" time="3.58"/>
  <testcase classname="com.MyAppApplicationTestscode" name="signin" time="4.761"/>
  <testcase classname="com.MyAppApplicationTestscode" name="adminhome" time="3.319"/>
  <testcase classname="com.MyAppApplicationTestscode" name="userhome" time="6.678"/>
  <testcase classname="com.MyAppApplicationTestscode" name="loadusers" time="10.474"/>
  <testcase classname="com.MyAppApplicationTestscode" name="approve" time="11.599"/>
</testsuite> <!-- Default test -->
