<?xml version="1.0" encoding="UTF-8"?>
<testng-results ignored="0" total="1" passed="1" failed="0" skipped="0">
  <reporter-output>
  </reporter-output>
  <suite started-at="2022-10-11T22:26:07 IST" name="Default suite" finished-at="2022-10-11T22:27:17 IST" duration-ms="70393">
    <groups>
    </groups>
    <test started-at="2022-10-11T22:26:07 IST" name="Default test" finished-at="2022-10-11T22:27:17 IST" duration-ms="70393">
      <class name="com.simplilearn.demo.Flipkart">
        <test-method is-config="true" signature="beforeMethod()[pri:0, instance:com.simplilearn.demo.Flipkart@437da279]" started-at="2022-10-11T22:26:07 IST" name="beforeMethod" finished-at="2022-10-11T22:26:15 IST" duration-ms="8518" status="PASS">
          <reporter-output>
          </reporter-output>
        </test-method> <!-- beforeMethod -->
        <test-method signature="search()[pri:0, instance:com.simplilearn.demo.Flipkart@437da279]" started-at="2022-10-11T22:26:15 IST" name="search" finished-at="2022-10-11T22:27:17 IST" duration-ms="61776" status="PASS">
          <reporter-output>
          </reporter-output>
        </test-method> <!-- search -->
        <test-method is-config="true" signature="afterMethod()[pri:0, instance:com.simplilearn.demo.Flipkart@437da279]" started-at="2022-10-11T22:27:17 IST" name="afterMethod" finished-at="2022-10-11T22:27:17 IST" duration-ms="0" status="PASS">
          <reporter-output>
          </reporter-output>
        </test-method> <!-- afterMethod -->
      </class> <!-- com.simplilearn.demo.Flipkart -->
    </test> <!-- Default test -->
  </suite> <!-- Default suite -->
</testng-results>
