<?xml version="1.0" encoding="UTF-8"?>
<testng-results ignored="0" total="4" passed="4" failed="0" skipped="0">
  <reporter-output>
  </reporter-output>
  <suite started-at="2022-10-01T19:44:38 IST" name="Default suite" finished-at="2022-10-01T19:47:54 IST" duration-ms="196156">
    <groups>
    </groups>
    <test started-at="2022-10-01T19:44:38 IST" name="Default test" finished-at="2022-10-01T19:47:54 IST" duration-ms="196156">
      <class name="com.simplilearn.demo.Automation">
        <test-method is-config="true" signature="beforeMethod()[pri:0, instance:com.simplilearn.demo.Automation@47e2e487]" started-at="2022-10-01T19:44:38 IST" name="beforeMethod" finished-at="2022-10-01T19:44:43 IST" duration-ms="5109" status="PASS">
          <reporter-output>
          </reporter-output>
        </test-method> <!-- beforeMethod -->
        <test-method signature="addtocart()[pri:0, instance:com.simplilearn.demo.Automation@47e2e487]" started-at="2022-10-01T19:44:43 IST" name="addtocart" finished-at="2022-10-01T19:45:31 IST" duration-ms="48146" status="PASS">
          <reporter-output>
          </reporter-output>
        </test-method> <!-- addtocart -->
        <test-method is-config="true" signature="afterMethod()[pri:0, instance:com.simplilearn.demo.Automation@47e2e487]" started-at="2022-10-01T19:45:31 IST" name="afterMethod" finished-at="2022-10-01T19:45:31 IST" duration-ms="11" status="PASS">
          <reporter-output>
          </reporter-output>
        </test-method> <!-- afterMethod -->
        <test-method is-config="true" signature="beforeMethod()[pri:0, instance:com.simplilearn.demo.Automation@47e2e487]" started-at="2022-10-01T19:45:31 IST" name="beforeMethod" finished-at="2022-10-01T19:45:34 IST" duration-ms="3427" status="PASS">
          <reporter-output>
          </reporter-output>
        </test-method> <!-- beforeMethod -->
        <test-method signature="login()[pri:0, instance:com.simplilearn.demo.Automation@47e2e487]" started-at="2022-10-01T19:45:34 IST" name="login" finished-at="2022-10-01T19:46:12 IST" duration-ms="37450" status="PASS">
          <reporter-output>
          </reporter-output>
        </test-method> <!-- login -->
        <test-method is-config="true" signature="afterMethod()[pri:0, instance:com.simplilearn.demo.Automation@47e2e487]" started-at="2022-10-01T19:46:12 IST" name="afterMethod" finished-at="2022-10-01T19:46:12 IST" duration-ms="1" status="PASS">
          <reporter-output>
          </reporter-output>
        </test-method> <!-- afterMethod -->
        <test-method is-config="true" signature="beforeMethod()[pri:0, instance:com.simplilearn.demo.Automation@47e2e487]" started-at="2022-10-01T19:46:12 IST" name="beforeMethod" finished-at="2022-10-01T19:46:14 IST" duration-ms="2415" status="PASS">
          <reporter-output>
          </reporter-output>
        </test-method> <!-- beforeMethod -->
        <test-method signature="register()[pri:0, instance:com.simplilearn.demo.Automation@47e2e487]" started-at="2022-10-01T19:46:14 IST" name="register" finished-at="2022-10-01T19:46:46 IST" duration-ms="31546" status="PASS">
          <reporter-output>
          </reporter-output>
        </test-method> <!-- register -->
        <test-method is-config="true" signature="afterMethod()[pri:0, instance:com.simplilearn.demo.Automation@47e2e487]" started-at="2022-10-01T19:46:46 IST" name="afterMethod" finished-at="2022-10-01T19:46:46 IST" duration-ms="1" status="PASS">
          <reporter-output>
          </reporter-output>
        </test-method> <!-- afterMethod -->
        <test-method is-config="true" signature="beforeMethod()[pri:0, instance:com.simplilearn.demo.Automation@47e2e487]" started-at="2022-10-01T19:46:46 IST" name="beforeMethod" finished-at="2022-10-01T19:46:49 IST" duration-ms="3083" status="PASS">
          <reporter-output>
          </reporter-output>
        </test-method> <!-- beforeMethod -->
        <test-method signature="search()[pri:0, instance:com.simplilearn.demo.Automation@47e2e487]" started-at="2022-10-01T19:46:49 IST" name="search" finished-at="2022-10-01T19:47:54 IST" duration-ms="64864" status="PASS">
          <reporter-output>
          </reporter-output>
        </test-method> <!-- search -->
        <test-method is-config="true" signature="afterMethod()[pri:0, instance:com.simplilearn.demo.Automation@47e2e487]" started-at="2022-10-01T19:47:54 IST" name="afterMethod" finished-at="2022-10-01T19:47:54 IST" duration-ms="1" status="PASS">
          <reporter-output>
          </reporter-output>
        </test-method> <!-- afterMethod -->
      </class> <!-- com.simplilearn.demo.Automation -->
    </test> <!-- Default test -->
  </suite> <!-- Default suite -->
</testng-results>
